<?xml version="1.0" encoding="UTF-8"?>
<testsuite xmlns:xsi="http://www.w3.org/2001/XMLSchema-instance" xsi:noNamespaceSchemaLocation="https://maven.apache.org/surefire/maven-surefire-plugin/xsd/surefire-test-report-3.0.xsd" version="3.0" name="com.online.booking.BookingApplicationTests" time="7.154" tests="1" errors="0" skipped="0" failures="0">
  <properties>
[...]
</properties>
  <testcase name="contextLoads" classname="com.online.booking.BookingApplicationTests" time="0.573">
    <system-out><![CDATA[10:18:11.031 [main] INFO org.springframework.test.context.support.AnnotationConfigContextLoaderUtils -- Could not detect default configuration classes for test class [com.online.booking.BookingApplicationTests]: BookingApplicationTests does not declare any static, non-private, non-final, nested classes annotated with @Configuration.
10:18:11.148 [main] INFO org.springframework.boot.test.context.SpringBootTestContextBootstrapper -- Found @SpringBootConfiguration com.online.booking.BookingApplication for test class com.online.booking.BookingApplicationTests

  .   ____          _            __ _ _
 /\\ / ___'_ __ _ _(_)_ __  __ _ \ \ \ \
( ( )\___ | '_ | '_| | '_ \/ _` | \ \ \ \
 \\/  ___)| |_)| | | | | || (_| |  ) ) ) )
  '  |____| .__|_| |_|_| |_\__, | / / / /
 =========|_|==============|___/=/_/_/_/
 :: Spring Boot ::                (v3.2.5)

2026-04-15T10:18:11.700+05:30  INFO 14056 --- [booking] [           main] c.o.booking.BookingApplicationTests      : Starting BookingApplicationTests using Java 17.0.16 with PID 14056 (started by hp in C:\Users\hp\Downloads\booking\backend)
2026-04-15T10:18:11.703+05:30  INFO 14056 --- [booking] [           main] c.o.booking.BookingApplicationTests      : No active profile set, falling back to 1 default profile: "default"
2026-04-15T10:18:12.500+05:30  INFO 14056 --- [booking] [           main] .s.d.r.c.RepositoryConfigurationDelegate : Bootstrapping Spring Data JPA repositories in DEFAULT mode.
2026-04-15T10:18:12.616+05:30  INFO 14056 --- [booking] [           main] .s.d.r.c.RepositoryConfigurationDelegate : Finished Spring Data repository scanning in 100 ms. Found 3 JPA repository interfaces.
2026-04-15T10:18:13.246+05:30  INFO 14056 --- [booking] [           main] o.hibernate.jpa.internal.util.LogHelper  : HHH000204: Processing PersistenceUnitInfo [name: default]
2026-04-15T10:18:13.408+05:30  INFO 14056 --- [booking] [           main] org.hibernate.Version                    : HHH000412: Hibernate ORM core version 6.4.4.Final
2026-04-15T10:18:13.498+05:30  INFO 14056 --- [booking] [           main] o.h.c.internal.RegionFactoryInitiator    : HHH000026: Second-level cache disabled
2026-04-15T10:18:13.946+05:30  INFO 14056 --- [booking] [           main] o.s.o.j.p.SpringPersistenceUnitInfo      : No LoadTimeWeaver setup: ignoring JPA class transformer
2026-04-15T10:18:14.008+05:30  INFO 14056 --- [booking] [           main] com.zaxxer.hikari.HikariDataSource       : HikariPool-1 - Starting...
2026-04-15T10:18:14.612+05:30  INFO 14056 --- [booking] [           main] com.zaxxer.hikari.pool.HikariPool        : HikariPool-1 - Added connection com.mysql.cj.jdbc.ConnectionImpl@7db791df
2026-04-15T10:18:14.616+05:30  INFO 14056 --- [booking] [           main] com.zaxxer.hikari.HikariDataSource       : HikariPool-1 - Start completed.
2026-04-15T10:18:14.682+05:30  WARN 14056 --- [booking] [           main] org.hibernate.orm.deprecation            : HHH90000025: MySQLDialect does not need to be specified explicitly using 'hibernate.dialect' (remove the property setting and it will be selected by default)
2026-04-15T10:18:16.077+05:30  INFO 14056 --- [booking] [           main] o.h.e.t.j.p.i.JtaPlatformInitiator       : HHH000489: No JTA platform available (set 'hibernate.transaction.jta.platform' to enable JTA platform integration)
2026-04-15T10:18:16.179+05:30  INFO 14056 --- [booking] [           main] j.LocalContainerEntityManagerFactoryBean : Initialized JPA EntityManagerFactory for persistence unit 'default'
2026-04-15T10:18:16.822+05:30  WARN 14056 --- [booking] [           main] JpaBaseConfiguration$JpaWebConfiguration : spring.jpa.open-in-view is enabled by default. Therefore, database queries may be performed during view rendering. Explicitly configure spring.jpa.open-in-view to disable this warning
2026-04-15T10:18:17.363+05:30  INFO 14056 --- [booking] [           main] c.o.booking.BookingApplicationTests      : Started BookingApplicationTests in 6.014 seconds (process running for 7.095)
]]></system-out>
  </testcase>
</testsuite>